<?xml version="1.0" encoding="UTF-8"?>
<testsuite name="co.com.ceiba.parqueadero.parqueadero.dominio.modelo.unitaria.VehiculoTest" tests="2" skipped="0" failures="0" errors="0" timestamp="2019-07-09T20:49:21" hostname="NATALIA-MUNOZ" time="0.0">
  <properties/>
  <testcase name="createVehiculoMoto" classname="co.com.ceiba.parqueadero.parqueadero.dominio.modelo.unitaria.VehiculoTest" time="0.0"/>
  <testcase name="createVehiculoCarro" classname="co.com.ceiba.parqueadero.parqueadero.dominio.modelo.unitaria.VehiculoTest" time="0.0"/>
  <system-out><![CDATA[]]></system-out>
  <system-err><![CDATA[]]></system-err>
</testsuite>
