<?xml version="1.0" encoding="UTF-8"?>
<testsuite name="co.com.ceiba.parqueadero.parqueadero.dominio.modelo.unitaria.ValidadorArgumentoTest" tests="4" skipped="0" failures="0" errors="0" timestamp="2019-07-09T20:49:21" hostname="NATALIA-MUNOZ" time="0.001">
  <properties/>
  <testcase name="argumentValidatorIsNull" classname="co.com.ceiba.parqueadero.parqueadero.dominio.modelo.unitaria.ValidadorArgumentoTest" time="0.001"/>
  <testcase name="ValidadorArgumentoVacio" classname="co.com.ceiba.parqueadero.parqueadero.dominio.modelo.unitaria.ValidadorArgumentoTest" time="0.0"/>
  <testcase name="argumentValidatorDateIsNull" classname="co.com.ceiba.parqueadero.parqueadero.dominio.modelo.unitaria.ValidadorArgumentoTest" time="0.0"/>
  <testcase name="argumentValidatorInvalidTypeVehicle" classname="co.com.ceiba.parqueadero.parqueadero.dominio.modelo.unitaria.ValidadorArgumentoTest" time="0.0"/>
  <system-out><![CDATA[]]></system-out>
  <system-err><![CDATA[]]></system-err>
</testsuite>
